<?xml version="1.0" encoding="UTF-8"?>
<!-- Generated by org.testng.reporters.JUnitReportReporter -->
<testsuite skipped="0" hostname="DESKTOP-TY" name="com.inetBanking.testCases.BaseClass" tests="1" failures="0" timestamp="2020-03-01T14:46:10 CST" time="17.791" errors="1">
  <testcase name="setup" time="17.791" classname="com.inetBanking.testCases.BaseClass">
    <error type="org.openqa.selenium.SessionNotCreatedException" message="session not created
from chrome not reachable
  (Session info: chrome=80.0.3987.122)
Build info: version: &#039;3.141.59&#039;, revision: &#039;e82be7d358&#039;, time: &#039;2018-11-14T08:17:03&#039;
System info: host: &#039;DESKTOP-TY&#039;, ip: &#039;192.168.56.1&#039;, os.name: &#039;Windows 10&#039;, os.arch: &#039;amd64&#039;, os.version: &#039;10.0&#039;, java.version: &#039;1.8.0_171&#039;
Driver info: driver.version: ChromeDriver
remote stacktrace: Backtrace:
	Ordinal0 [0x01140AE3+1706723]
	Ordinal0 [0x010A68C1+1075393]
	Ordinal0 [0x0101DE52+515666]
	Ordinal0 [0x01017C88+490632]
	Ordinal0 [0x0101837B+492411]
	Ordinal0 [0x010192D5+496341]
	Ordinal0 [0x01014EE5+478949]
	Ordinal0 [0x0101EC80+519296]
	Ordinal0 [0x00FCCA67+182887]
	Ordinal0 [0x00FCBDDD+179677]
	Ordinal0 [0x00FC9D4B+171339]
	Ordinal0 [0x00FB1D4A+73034]
	Ordinal0 [0x00FB2DC0+77248]
	Ordinal0 [0x00FB2D59+77145]
	Ordinal0 [0x010BBB37+1162039]
	GetHandleVerifier [0x011DA7C6+508998]
	GetHandleVerifier [0x011DA504+508292]
	GetHandleVerifier [0x011EF617+594583]
	GetHandleVerifier [0x011DB036+511158]
	Ordinal0 [0x010B3FFC+1130492]
	Ordinal0 [0x010BD49B+1168539]
	Ordinal0 [0x010BD603+1168899]
	Ordinal0 [0x010D5B05+1268485]
	BaseThreadInitThunk [0x77236359+25]
	RtlGetAppContainerNamedObjectPath [0x77E97B74+228]
	RtlGetAppContainerNamedObjectPath [0x77E97B44+180]
">
      <![CDATA[org.openqa.selenium.SessionNotCreatedException: session not created
from chrome not reachable
  (Session info: chrome=80.0.3987.122)
Build info: version: '3.141.59', revision: 'e82be7d358', time: '2018-11-14T08:17:03'
System info: host: 'DESKTOP-TY', ip: '192.168.56.1', os.name: 'Windows 10', os.arch: 'amd64', os.version: '10.0', java.version: '1.8.0_171'
Driver info: driver.version: ChromeDriver
remote stacktrace: Backtrace:
Ordinal0 [0x01140AE3+1706723]
Ordinal0 [0x010A68C1+1075393]
Ordinal0 [0x0101DE52+515666]
Ordinal0 [0x01017C88+490632]
Ordinal0 [0x0101837B+492411]
Ordinal0 [0x010192D5+496341]
Ordinal0 [0x01014EE5+478949]
Ordinal0 [0x0101EC80+519296]
Ordinal0 [0x00FCCA67+182887]
Ordinal0 [0x00FCBDDD+179677]
Ordinal0 [0x00FC9D4B+171339]
Ordinal0 [0x00FB1D4A+73034]
Ordinal0 [0x00FB2DC0+77248]
Ordinal0 [0x00FB2D59+77145]
Ordinal0 [0x010BBB37+1162039]
GetHandleVerifier [0x011DA7C6+508998]
GetHandleVerifier [0x011DA504+508292]
GetHandleVerifier [0x011EF617+594583]
GetHandleVerifier [0x011DB036+511158]
Ordinal0 [0x010B3FFC+1130492]
Ordinal0 [0x010BD49B+1168539]
Ordinal0 [0x010BD603+1168899]
Ordinal0 [0x010D5B05+1268485]
BaseThreadInitThunk [0x77236359+25]
RtlGetAppContainerNamedObjectPath [0x77E97B74+228]
RtlGetAppContainerNamedObjectPath [0x77E97B44+180]

at sun.reflect.NativeConstructorAccessorImpl.newInstance0(Native Method)
at sun.reflect.NativeConstructorAccessorImpl.newInstance(NativeConstructorAccessorImpl.java:62)
at sun.reflect.DelegatingConstructorAccessorImpl.newInstance(DelegatingConstructorAccessorImpl.java:45)
at java.lang.reflect.Constructor.newInstance(Constructor.java:423)
at org.openqa.selenium.remote.W3CHandshakeResponse.lambda$errorHandler$0(W3CHandshakeResponse.java:62)
at org.openqa.selenium.remote.HandshakeResponse.lambda$getResponseFunction$0(HandshakeResponse.java:30)
at org.openqa.selenium.remote.ProtocolHandshake.lambda$createSession$0(ProtocolHandshake.java:126)
at java.util.stream.ReferencePipeline$3$1.accept(ReferencePipeline.java:193)
at java.util.Spliterators$ArraySpliterator.tryAdvance(Spliterators.java:958)
at java.util.stream.ReferencePipeline.forEachWithCancel(ReferencePipeline.java:126)
at java.util.stream.AbstractPipeline.copyIntoWithCancel(AbstractPipeline.java:498)
at java.util.stream.AbstractPipeline.copyInto(AbstractPipeline.java:485)
at java.util.stream.AbstractPipeline.wrapAndCopyInto(AbstractPipeline.java:471)
at java.util.stream.FindOps$FindOp.evaluateSequential(FindOps.java:152)
at java.util.stream.AbstractPipeline.evaluate(AbstractPipeline.java:234)
at java.util.stream.ReferencePipeline.findFirst(ReferencePipeline.java:464)
at org.openqa.selenium.remote.ProtocolHandshake.createSession(ProtocolHandshake.java:128)
at org.openqa.selenium.remote.ProtocolHandshake.createSession(ProtocolHandshake.java:74)
at org.openqa.selenium.remote.HttpCommandExecutor.execute(HttpCommandExecutor.java:136)
at org.openqa.selenium.remote.service.DriverCommandExecutor.execute(DriverCommandExecutor.java:83)
at org.openqa.selenium.remote.RemoteWebDriver.execute(RemoteWebDriver.java:552)
at org.openqa.selenium.remote.RemoteWebDriver.startSession(RemoteWebDriver.java:213)
at org.openqa.selenium.remote.RemoteWebDriver.<init>(RemoteWebDriver.java:131)
at org.openqa.selenium.chrome.ChromeDriver.<init>(ChromeDriver.java:181)
at org.openqa.selenium.chrome.ChromeDriver.<init>(ChromeDriver.java:168)
at org.openqa.selenium.chrome.ChromeDriver.<init>(ChromeDriver.java:123)
at com.inetBanking.testCases.BaseClass.setup(BaseClass.java:26)
at sun.reflect.NativeMethodAccessorImpl.invoke0(Native Method)
at sun.reflect.NativeMethodAccessorImpl.invoke(NativeMethodAccessorImpl.java:62)
at sun.reflect.DelegatingMethodAccessorImpl.invoke(DelegatingMethodAccessorImpl.java:43)
at java.lang.reflect.Method.invoke(Method.java:498)
at org.testng.internal.MethodInvocationHelper.invokeMethod(MethodInvocationHelper.java:134)
at org.testng.internal.TestInvoker.invokeMethod(TestInvoker.java:597)
at org.testng.internal.TestInvoker.invokeTestMethod(TestInvoker.java:173)
at org.testng.internal.MethodRunner.runInSequence(MethodRunner.java:46)
at org.testng.internal.TestInvoker$MethodInvocationAgent.invoke(TestInvoker.java:816)
at org.testng.internal.TestInvoker.invokeTestMethods(TestInvoker.java:146)
at org.testng.internal.TestMethodWorker.invokeTestMethods(TestMethodWorker.java:146)
at org.testng.internal.TestMethodWorker.run(TestMethodWorker.java:128)
at java.util.ArrayList.forEach(ArrayList.java:1257)
at org.testng.TestRunner.privateRun(TestRunner.java:766)
at org.testng.TestRunner.run(TestRunner.java:587)
at org.testng.SuiteRunner.runTest(SuiteRunner.java:384)
at org.testng.SuiteRunner.runSequentially(SuiteRunner.java:378)
at org.testng.SuiteRunner.privateRun(SuiteRunner.java:337)
at org.testng.SuiteRunner.run(SuiteRunner.java:286)
at org.testng.SuiteRunnerWorker.runSuite(SuiteRunnerWorker.java:53)
at org.testng.SuiteRunnerWorker.run(SuiteRunnerWorker.java:96)
at org.testng.TestNG.runSuitesSequentially(TestNG.java:1187)
at org.testng.TestNG.runSuitesLocally(TestNG.java:1109)
at org.testng.TestNG.runSuites(TestNG.java:1039)
at org.testng.TestNG.run(TestNG.java:1007)
at org.testng.remote.AbstractRemoteTestNG.run(AbstractRemoteTestNG.java:115)
at org.testng.remote.RemoteTestNG.initAndRun(RemoteTestNG.java:251)
at org.testng.remote.RemoteTestNG.main(RemoteTestNG.java:77)
]]>
    </error>
  </testcase> <!-- setup -->
  <system-out/>
</testsuite> <!-- com.inetBanking.testCases.BaseClass -->
